<testsuites id="" name="" tests="3" failures="0" skipped="0" errors="0" time="24.518229000002147">
<testsuite name="Chapter5\02_csv_test_data.spec.ts" timestamp="2025-07-27T02:03:41.872Z" hostname="chromium" tests="3" failures="0" skipped="0" time="19.653" errors="0">
<testcase name="Login and select the filter dropDown standard_user,secret_sauce" classname="Chapter5\02_csv_test_data.spec.ts" time="7.252">
</testcase>
<testcase name="Login and select the filter dropDown visual_user,secret_sauce" classname="Chapter5\02_csv_test_data.spec.ts" time="6.226">
</testcase>
<testcase name="Login and select the filter dropDown problem_user,secret_sauce" classname="Chapter5\02_csv_test_data.spec.ts" time="6.175">
</testcase>
</testsuite>
</testsuites>